This is pdfTeX, Version 3.14159265-2.6-1.40.18 (TeX Live 2017/W32TeX) (preloaded format=pdflatex 2017.12.29)  2 JAN 2018 16:12
entering extended mode
 restricted \write18 enabled.
 %&-line parsing enabled.
**"./Fashion Shows.tex"
(./Fashion Shows.tex
LaTeX2e <2017-04-15>
Babel <3.15> and hyphenation patterns for 84 language(s) loaded.
(c:/texlive/2017/texmf-dist/tex/latex/base/article.cls
Document Class: article 2014/09/29 v1.4h Standard LaTeX document class
(c:/texlive/2017/texmf-dist/tex/latex/base/size10.clo
File: size10.clo 2014/09/29 v1.4h Standard LaTeX file (size option)
)
\c@part=\count79
\c@section=\count80
\c@subsection=\count81
\c@subsubsection=\count82
\c@paragraph=\count83
\c@subparagraph=\count84
\c@figure=\count85
\c@table=\count86
\abovecaptionskip=\skip41
\belowcaptionskip=\skip42
\bibindent=\dimen102
)
(c:/texlive/2017/texmf-dist/tex/latex/preprint/fullpage.sty
Package: fullpage 1999/02/23 1.1 (PWD)
\FP@margin=\skip43
)
(c:/texlive/2017/texmf-dist/tex/latex/vdmlisting/vdmlisting.sty
(c:/texlive/2017/texmf-dist/tex/latex/listings/listings.sty
(c:/texlive/2017/texmf-dist/tex/latex/graphics/keyval.sty
Package: keyval 2014/10/28 v1.15 key=value parser (DPC)
\KV@toks@=\toks14
)
\lst@mode=\count87
\lst@gtempboxa=\box26
\lst@token=\toks15
\lst@length=\count88
\lst@currlwidth=\dimen103
\lst@column=\count89
\lst@pos=\count90
\lst@lostspace=\dimen104
\lst@width=\dimen105
\lst@newlines=\count91
\lst@lineno=\count92
\lst@maxwidth=\dimen106

(c:/texlive/2017/texmf-dist/tex/latex/listings/lstmisc.sty
File: lstmisc.sty 2015/06/04 1.6 (Carsten Heinz)
\c@lstnumber=\count93
\lst@skipnumbers=\count94
\lst@framebox=\box27
)
(c:/texlive/2017/texmf-dist/tex/latex/listings/listings.cfg
File: listings.cfg 2015/06/04 1.6 listings configuration
))
Package: listings 2015/06/04 1.6 (Carsten Heinz)

(c:/texlive/2017/texmf-dist/tex/latex/psnfss/times.sty
Package: times 2005/04/12 PSNFSS-v9.2a (SPQR) 
)
(c:/texlive/2017/texmf-dist/tex/latex/graphics/color.sty
Package: color 2016/07/10 v1.1e Standard LaTeX Color (DPC)

(c:/texlive/2017/texmf-dist/tex/latex/graphics-cfg/color.cfg
File: color.cfg 2016/01/02 v1.6 sample color configuration
)
Package color Info: Driver file: pdftex.def on input line 147.

(c:/texlive/2017/texmf-dist/tex/latex/graphics-def/pdftex.def
File: pdftex.def 2017/12/07 v1.0i Graphics/color driver for pdftex
)))
Package: vdmlisting 2015/06/04 1.6 (Kenneth Lausdahl)

(c:/texlive/2017/texmf-dist/tex/latex/hyperref/hyperref.sty
Package: hyperref 2017/03/14 v6.85a Hypertext links for LaTeX

(c:/texlive/2017/texmf-dist/tex/generic/oberdiek/hobsub-hyperref.sty
Package: hobsub-hyperref 2016/05/16 v1.14 Bundle oberdiek, subset hyperref (HO)


(c:/texlive/2017/texmf-dist/tex/generic/oberdiek/hobsub-generic.sty
Package: hobsub-generic 2016/05/16 v1.14 Bundle oberdiek, subset generic (HO)
Package: hobsub 2016/05/16 v1.14 Construct package bundles (HO)
Package: infwarerr 2016/05/16 v1.4 Providing info/warning/error messages (HO)
Package: ltxcmds 2016/05/16 v1.23 LaTeX kernel commands for general use (HO)
Package: ifluatex 2016/05/16 v1.4 Provides the ifluatex switch (HO)
Package ifluatex Info: LuaTeX not detected.
Package: ifvtex 2016/05/16 v1.6 Detect VTeX and its facilities (HO)
Package ifvtex Info: VTeX not detected.
Package: intcalc 2016/05/16 v1.2 Expandable calculations with integers (HO)
Package: ifpdf 2017/03/15 v3.2 Provides the ifpdf switch
Package: etexcmds 2016/05/16 v1.6 Avoid name clashes with e-TeX commands (HO)
Package etexcmds Info: Could not find \expanded.
(etexcmds)             That can mean that you are not using pdfTeX 1.50 or
(etexcmds)             that some package has redefined \expanded.
(etexcmds)             In the latter case, load this package earlier.
Package: kvsetkeys 2016/05/16 v1.17 Key value parser (HO)
Package: kvdefinekeys 2016/05/16 v1.4 Define keys (HO)
Package: pdftexcmds 2017/03/19 v0.25 Utility functions of pdfTeX for LuaTeX (HO
)
Package pdftexcmds Info: LuaTeX not detected.
Package pdftexcmds Info: \pdf@primitive is available.
Package pdftexcmds Info: \pdf@ifprimitive is available.
Package pdftexcmds Info: \pdfdraftmode found.
Package: pdfescape 2016/05/16 v1.14 Implements pdfTeX's escape features (HO)
Package: bigintcalc 2016/05/16 v1.4 Expandable calculations on big integers (HO
)
Package: bitset 2016/05/16 v1.2 Handle bit-vector datatype (HO)
Package: uniquecounter 2016/05/16 v1.3 Provide unlimited unique counter (HO)
)
Package hobsub Info: Skipping package `hobsub' (already loaded).
Package: letltxmacro 2016/05/16 v1.5 Let assignment for LaTeX macros (HO)
Package: hopatch 2016/05/16 v1.3 Wrapper for package hooks (HO)
Package: xcolor-patch 2016/05/16 xcolor patch
Package: atveryend 2016/05/16 v1.9 Hooks at the very end of document (HO)
Package atveryend Info: \enddocument detected (standard20110627).
Package: atbegshi 2016/06/09 v1.18 At begin shipout hook (HO)
Package: refcount 2016/05/16 v3.5 Data extraction from label references (HO)
Package: hycolor 2016/05/16 v1.8 Color options for hyperref/bookmark (HO)
)
(c:/texlive/2017/texmf-dist/tex/generic/ifxetex/ifxetex.sty
Package: ifxetex 2010/09/12 v0.6 Provides ifxetex conditional
)
(c:/texlive/2017/texmf-dist/tex/latex/oberdiek/auxhook.sty
Package: auxhook 2016/05/16 v1.4 Hooks for auxiliary files (HO)
)
(c:/texlive/2017/texmf-dist/tex/latex/oberdiek/kvoptions.sty
Package: kvoptions 2016/05/16 v3.12 Key value format for package options (HO)
)
\@linkdim=\dimen107
\Hy@linkcounter=\count95
\Hy@pagecounter=\count96

(c:/texlive/2017/texmf-dist/tex/latex/hyperref/pd1enc.def
File: pd1enc.def 2017/03/14 v6.85a Hyperref: PDFDocEncoding definition (HO)
)
\Hy@SavedSpaceFactor=\count97

(c:/texlive/2017/texmf-dist/tex/latex/latexconfig/hyperref.cfg
File: hyperref.cfg 2002/06/06 v1.2 hyperref configuration of TeXLive
)
Package hyperref Info: Hyper figures OFF on input line 4498.
Package hyperref Info: Link nesting OFF on input line 4503.
Package hyperref Info: Hyper index ON on input line 4506.
Package hyperref Info: Plain pages OFF on input line 4513.
Package hyperref Info: Backreferencing OFF on input line 4518.
Package hyperref Info: Implicit mode ON; LaTeX internals redefined.
Package hyperref Info: Bookmarks ON on input line 4751.
\c@Hy@tempcnt=\count98

(c:/texlive/2017/texmf-dist/tex/latex/url/url.sty
\Urlmuskip=\muskip10
Package: url 2013/09/16  ver 3.4  Verb mode for urls, etc.
)
LaTeX Info: Redefining \url on input line 5104.
\XeTeXLinkMargin=\dimen108
\Fld@menulength=\count99
\Field@Width=\dimen109
\Fld@charsize=\dimen110
Package hyperref Info: Hyper figures OFF on input line 6358.
Package hyperref Info: Link nesting OFF on input line 6363.
Package hyperref Info: Hyper index ON on input line 6366.
Package hyperref Info: backreferencing OFF on input line 6373.
Package hyperref Info: Link coloring OFF on input line 6378.
Package hyperref Info: Link coloring with OCG OFF on input line 6383.
Package hyperref Info: PDF/A mode OFF on input line 6388.
LaTeX Info: Redefining \ref on input line 6428.
LaTeX Info: Redefining \pageref on input line 6432.
\Hy@abspage=\count100
\c@Item=\count101
\c@Hfootnote=\count102
)

Package hyperref Message: Driver (autodetected): hpdftex.

(c:/texlive/2017/texmf-dist/tex/latex/hyperref/hpdftex.def
File: hpdftex.def 2017/03/14 v6.85a Hyperref driver for pdfTeX
\Fld@listcount=\count103
\c@bookmark@seq@number=\count104

(c:/texlive/2017/texmf-dist/tex/latex/oberdiek/rerunfilecheck.sty
Package: rerunfilecheck 2016/05/16 v1.8 Rerun checks for auxiliary files (HO)
Package uniquecounter Info: New unique counter `rerunfilecheck' on input line 2
82.
)
\Hy@SectionHShift=\skip44
)
(c:/texlive/2017/texmf-dist/tex/latex/tools/longtable.sty
Package: longtable 2014/10/28 v4.11 Multi-page Table package (DPC)
\LTleft=\skip45
\LTright=\skip46
\LTpre=\skip47
\LTpost=\skip48
\LTchunksize=\count105
\LTcapwidth=\dimen111
\LT@head=\box28
\LT@firsthead=\box29
\LT@foot=\box30
\LT@lastfoot=\box31
\LT@cols=\count106
\LT@rows=\count107
\c@LT@tables=\count108
\c@LT@chunks=\count109
\LT@p@ftn=\toks16
) (./Fashion Shows.aux

LaTeX Warning: Label `TestDesigner:11' multiply defined.


LaTeX Warning: Label `main:test:25' multiply defined.

)
\openout1 = `"Fashion Shows.aux"'.

LaTeX Font Info:    Checking defaults for OML/cmm/m/it on input line 6.
LaTeX Font Info:    ... okay on input line 6.
LaTeX Font Info:    Checking defaults for T1/cmr/m/n on input line 6.
LaTeX Font Info:    ... okay on input line 6.
LaTeX Font Info:    Checking defaults for OT1/cmr/m/n on input line 6.
LaTeX Font Info:    ... okay on input line 6.
LaTeX Font Info:    Checking defaults for OMS/cmsy/m/n on input line 6.
LaTeX Font Info:    ... okay on input line 6.
LaTeX Font Info:    Checking defaults for OMX/cmex/m/n on input line 6.
LaTeX Font Info:    ... okay on input line 6.
LaTeX Font Info:    Checking defaults for U/cmr/m/n on input line 6.
LaTeX Font Info:    ... okay on input line 6.
LaTeX Font Info:    Checking defaults for PD1/pdf/m/n on input line 6.
LaTeX Font Info:    ... okay on input line 6.
LaTeX Font Info:    Try loading font information for OT1+ptm on input line 6.
 (c:/texlive/2017/texmf-dist/tex/latex/psnfss/ot1ptm.fd
File: ot1ptm.fd 2001/06/04 font definitions for OT1/ptm.
)
\c@lstlisting=\count110

(c:/texlive/2017/texmf-dist/tex/context/base/mkii/supp-pdf.mkii
[Loading MPS to PDF converter (version 2006.09.02).]
\scratchcounter=\count111
\scratchdimen=\dimen112
\scratchbox=\box32
\nofMPsegments=\count112
\nofMParguments=\count113
\everyMPshowfont=\toks17
\MPscratchCnt=\count114
\MPscratchDim=\dimen113
\MPnumerator=\count115
\makeMPintoPDFobject=\count116
\everyMPtoPDFconversion=\toks18
)
\AtBeginShipoutBox=\box33
Package hyperref Info: Link coloring OFF on input line 6.
 (c:/texlive/2017/texmf-dist/tex/latex/hyperref/nameref.sty
Package: nameref 2016/05/21 v2.44 Cross-referencing by name of section

(c:/texlive/2017/texmf-dist/tex/generic/oberdiek/gettitlestring.sty
Package: gettitlestring 2016/05/16 v1.5 Cleanup title references (HO)
)
\c@section@level=\count117
)
LaTeX Info: Redefining \ref on input line 6.
LaTeX Info: Redefining \pageref on input line 6.
LaTeX Info: Redefining \nameref on input line 6.

(./Fashion Shows.out) (./Fashion Shows.out)
\@outlinefile=\write3
\openout3 = `"Fashion Shows.out"'.

LaTeX Font Info:    External font `cmex10' loaded for size
(Font)              <12> on input line 10.
LaTeX Font Info:    External font `cmex10' loaded for size
(Font)              <8> on input line 10.
LaTeX Font Info:    External font `cmex10' loaded for size
(Font)              <6> on input line 10.
LaTeX Font Info:    Font shape `OT1/ptm/bx/n' in size <14.4> not available
(Font)              Font shape `OT1/ptm/b/n' tried instead on input line 10.
 (./Fashion Shows.toc
LaTeX Font Info:    Font shape `OT1/ptm/bx/n' in size <10> not available
(Font)              Font shape `OT1/ptm/b/n' tried instead on input line 1.
)
\tf@toc=\write4
\openout4 = `"Fashion Shows.toc"'.


(./specification/App.vdmpp.tex [1

{c:/texlive/2017/texmf-var/fonts/map/pdftex/updmap/pdftex.map}]
LaTeX Font Info:    Try loading font information for OT1+pcr on input line 1.
 (c:/texlive/2017/texmf-dist/tex/latex/psnfss/ot1pcr.fd
File: ot1pcr.fd 2001/06/04 font definitions for OT1/pcr.
)
LaTeX Font Info:    Font shape `OT1/pcr/bx/n' in size <8> not available
(Font)              Font shape `OT1/pcr/b/n' tried instead on input line 2.
LaTeX Font Info:    Font shape `OT1/pcr/m/it' in size <8> not available
(Font)              Font shape `OT1/pcr/m/sl' tried instead on input line 4.
Missing character: There is no ç in font pcrro7t!
Missing character: There is no ã in font pcrro7t!
Missing character: There is no ç in font pcrro7t!
Missing character: There is no ã in font pcrro7t!
Missing character: There is no à in font pcrro7t!
Missing character: There is no ç in font pcrro7t!
Missing character: There is no ã in font pcrro7t!
Missing character: There is no à in font pcrro7t!
Missing character: There is no ç in font pcrro7t!
Missing character: There is no ã in font pcrro7t!

[2]
Missing character: There is no à in font pcrro7t!
Missing character: There is no ç in font pcrro7t!
Missing character: There is no ã in font pcrro7t!
Missing character: There is no à in font pcrro7t!
Missing character: There is no ç in font pcrro7t!
Missing character: There is no ã in font pcrro7t!

Underfull \vbox (badness 10000) detected at line 130
 []

) (./specification/App_Test.vdmpp.tex [3]
Underfull \vbox (badness 10000) detected at line 71
 []

) (./specification/Designer_Test.vdmpp.tex [4]
Underfull \vbox (badness 10000) detected at line 59
 []

) (./specification/Fashion_Designer.vdmpp.tex [5]
Underfull \vbox (badness 10000) detected at line 69
 []

) (./specification/Fashion_Show.vdmpp.tex [6] [7] [8] [9]
Missing character: There is no í in font pcrro7t!
Missing character: There is no í in font pcrro7t!
Missing character: There is no é in font pcrro7t!
Missing character: There is no í in font pcrro7t!
Missing character: There is no ú in font pcrro7t!
Missing character: There is no ê in font pcrro7t!
 [10]
Underfull \vbox (badness 10000) detected at line 383
 []

) (./specification/Main.vdmpp.tex [11]
Underfull \vbox (badness 10000) detected at line 56
 []

) (./specification/Model.vdmpp.tex [12] [13]
Underfull \vbox (badness 10000) detected at line 116
 []

) (./specification/Model_In_Runway.vdmpp.tex [14]
Underfull \vbox (badness 10000) detected at line 123
 []

) (./specification/Model_In_Runway_Test.vdmpp.tex [15]
Missing character: There is no ã in font pcrro7t!
Missing character: There is no ã in font pcrro7t!
Missing character: There is no ç in font pcrro7t!
Missing character: There is no ã in font pcrro7t!

Underfull \vbox (badness 10000) detected at line 74
 []

) (./specification/Model_Look.vdmpp.tex [16] [17]
Underfull \vbox (badness 10000) detected at line 96
 []

) (./specification/Model_Look_Test.vdmpp.tex
Underfull \vbox (badness 10000) detected at line 63
 []

[18]) (./specification/Model_Test.vdmpp.tex
Underfull \vbox (badness 10000) detected at line 62
 []

) (./specification/MyTestCase.vdmpp.tex [19]
LaTeX Font Info:    Try loading font information for OMS+pcr on input line 34.

(c:/texlive/2017/texmf-dist/tex/latex/psnfss/omspcr.fd
File: omspcr.fd 
)
LaTeX Font Info:    Font shape `OMS/pcr/m/n' in size <8> not available
(Font)              Font shape `OMS/cmsy/m/n' tried instead on input line 34.

Underfull \vbox (badness 10000) detected at line 53
 []

) (./specification/Regular_User.vdmpp.tex [20]
Missing character: There is no é in font pcrro7t!

Underfull \vbox (badness 10000) detected at line 100
 []

[21]) (./specification/Regular_User_Test.vdmpp.tex [22]
Underfull \vbox (badness 10000) detected at line 77
 []

) (./specification/Reviewer.vdmpp.tex
Underfull \vbox (badness 10000) detected at line 58
 []

[23]) (./specification/Reviewer_Test.vdmpp.tex
Underfull \vbox (badness 10000) detected at line 61
 []

) (./specification/Show_Test.vdmpp.tex [24]
Missing character: There is no ç in font pcrr7t!
Missing character: There is no ã in font pcrr7t!
Missing character: There is no ã in font pcrr7t!
Missing character: There is no õ in font pcrr7t!
Missing character: There is no ã in font pcrr7t!
Missing character: There is no õ in font pcrr7t!
Missing character: There is no é in font pcrr7t!
 [25] [26] [27]
Underfull \vbox (badness 10000) detected at line 228
 []

) (./specification/User.vdmpp.tex [28]
Underfull \vbox (badness 10000) detected at line 81
 []

) (./specification/WorkShop.vdmpp.tex [29]
Missing character: There is no í in font pcrro7t!
Missing character: There is no ç in font pcrro7t!
Missing character: There is no ã in font pcrro7t!
 [30]
Missing character: There is no à in font pcrro7t!
Missing character: There is no à in font pcrro7t!

Underfull \vbox (badness 10000) detected at line 173
 []

[31]) (./specification/WorkShop_Test.vdmpp.tex
Missing character: There is no ã in font pcrr7t!
Missing character: There is no ã in font pcrr7t!
Missing character: There is no õ in font pcrr7t!
Missing character: There is no ã in font pcrr7t!
Missing character: There is no ã in font pcrr7t!
Missing character: There is no õ in font pcrr7t!
 [32]
Underfull \vbox (badness 10000) detected at line 75
 []

)
Package atveryend Info: Empty hook `BeforeClearDocument' on input line 55.
 [33]
Package atveryend Info: Empty hook `AfterLastShipout' on input line 55.
 (./Fashion Shows.aux)
Package atveryend Info: Executing hook `AtVeryEndDocument' on input line 55.
Package atveryend Info: Executing hook `AtEndAfterFileList' on input line 55.
Package rerunfilecheck Info: File `"Fashion Shows".out' has not changed.
(rerunfilecheck)             Checksum: 4332C6E2BE5DB79ABF0631CEAC3AFCD0;1041.


LaTeX Warning: There were multiply-defined labels.

Package atveryend Info: Empty hook `AtVeryVeryEnd' on input line 55.
 ) 
Here is how much of TeX's memory you used:
 8456 strings out of 492985
 125670 string characters out of 6136283
 509742 words of memory out of 5000000
 10229 multiletter control sequences out of 15000+600000
 17044 words of font info for 41 fonts, out of 8000000 for 9000
 1141 hyphenation exceptions out of 8191
 33i,6n,48p,283b,1936s stack positions out of 5000i,500n,10000p,200000b,80000s
{c:/texlive/2017/texmf-dist/fonts/enc/dvips/base/8r.enc}<c:/texlive/2017/texm
f-dist/fonts/type1/public/amsfonts/cm/cmsy8.pfb><c:/texlive/2017/texmf-dist/fon
ts/type1/public/amsfonts/latxfont/lcircle1.pfb><c:/texlive/2017/texmf-dist/font
s/type1/urw/courier/ucrb8a.pfb><c:/texlive/2017/texmf-dist/fonts/type1/urw/cour
ier/ucrr8a.pfb><c:/texlive/2017/texmf-dist/fonts/type1/urw/courier/ucrro8a.pfb>
<c:/texlive/2017/texmf-dist/fonts/type1/urw/times/utmb8a.pfb><c:/texlive/2017/t
exmf-dist/fonts/type1/urw/times/utmr8a.pfb>
Output written on "Fashion Shows.pdf" (33 pages, 205980 bytes).
PDF statistics:
 2370 PDF objects out of 2487 (max. 8388607)
 2304 compressed objects within 24 object streams
 1686 named destinations out of 1728 (max. 500000)
 169 words of extra memory for PDF output out of 10000 (max. 10000000)

