\BOOKMARK [1][-]{section.1}{App}{}% 1
\BOOKMARK [1][-]{section.2}{App\137Test}{}% 2
\BOOKMARK [1][-]{section.3}{Designer\137Test}{}% 3
\BOOKMARK [1][-]{section.4}{Fashion\137Designer}{}% 4
\BOOKMARK [1][-]{section.5}{Fashion\137Show}{}% 5
\BOOKMARK [1][-]{section.6}{Main}{}% 6
\BOOKMARK [1][-]{section.7}{Model}{}% 7
\BOOKMARK [1][-]{section.8}{Model\137In\137Runway}{}% 8
\BOOKMARK [1][-]{section.9}{Model\137In\137Runway\137Test}{}% 9
\BOOKMARK [1][-]{section.10}{Model\137Look}{}% 10
\BOOKMARK [1][-]{section.11}{Model\137Look\137Test}{}% 11
\BOOKMARK [1][-]{section.12}{Model\137Test}{}% 12
\BOOKMARK [1][-]{section.13}{MyTestCase}{}% 13
\BOOKMARK [1][-]{section.14}{Regular\137User}{}% 14
\BOOKMARK [1][-]{section.15}{Regular\137User\137Test}{}% 15
\BOOKMARK [1][-]{section.16}{Reviewer}{}% 16
\BOOKMARK [1][-]{section.17}{Reviewer\137Test}{}% 17
\BOOKMARK [1][-]{section.18}{Show\137Test}{}% 18
\BOOKMARK [1][-]{section.19}{User}{}% 19
\BOOKMARK [1][-]{section.20}{WorkShop}{}% 20
\BOOKMARK [1][-]{section.21}{WorkShop\137Test}{}% 21
